#
# An unexpected error has been detected by Java Runtime Environment:
#
#  EXCEPTION_ACCESS_VIOLATION (0xc0000005) at pc=0x00000000797329f0, pid=1932, tid=6808
#
# Java VM: Java HotSpot(TM) 64-Bit Server VM (11.2-b01 mixed mode windows-amd64)
# Problematic frame:
# C  [hg.dll+0x4129f0]
#
# If you would like to submit a bug report, please visit:
#   http://java.sun.com/webapps/bugreport/crash.jsp
# The crash happened outside the Java Virtual Machine in native code.
# See problematic frame for where to report the bug.
#

---------------  T H R E A D  ---------------

Current thread (0x00000000017ef000):  JavaThread "main" [_thread_in_native, id=6808, stack(0x0000000000030000,0x0000000001030000)]

siginfo: ExceptionCode=0xc0000005, reading address 0x0000000000000168

Registers:
EAX=0x0000000000000010, EBX=0x0000000000000000, ECX=0x0000000000000000, EDX=0x000000003d7c0620
ESP=0x00000000010255e8, EBP=0x0000000000000000, ESI=0x00000000797e44f0, EDI=0x00000000797e44f0
EIP=0x00000000797329f0, EFLAGS=0x0000000000010202

Top of Stack: (sp=0x00000000010255e8)
0x00000000010255e8:   000000007974af46 0000000000000000
0x00000000010255f8:   0000000000000000 00000000797e44f0
0x0000000001025608:   0000000000000000 0000000000000000
0x0000000001025618:   0000000000000000 000000004e1a4b60
0x0000000001025628:   00000000796d0610 0000000047a0f710
0x0000000001025638:   0000000000000000 0000000001025700
0x0000000001025648:   0000000000000000 000000004e1a4b68
0x0000000001025658:   000000007a92c863 000000004e1a4b60
0x0000000001025668:   000000004e1a4b88 0000000004b79070
0x0000000001025678:   000000004e1b6c30 fffffffffffffffe
0x0000000001025688:   000007fefdaa10dc 000000004e1a4b60
0x0000000001025698:   000000004e1a4b68 000000004e1a4b68
0x00000000010256a8:   000000004787bc40 0000000000000000
0x00000000010256b8:   000000004e1b6c40 000000004e1b6c30
0x00000000010256c8:   000000007c628977 000000000000000a
0x00000000010256d8:   000000004e1b6c30 00000000010257a0 

Instructions: (pc=0x00000000797329f0)
0x00000000797329e0:   48 8b 81 f0 01 00 00 c3 cc cc cc cc cc cc cc cc
0x00000000797329f0:   48 8b 81 68 01 00 00 c3 cc cc cc cc cc cc cc cc 


Stack: [0x0000000000030000,0x0000000001030000],  sp=0x00000000010255e8,  free space=16341k
Native frames: (J=compiled Java code, j=interpreted, Vv=VM code, C=native code)
C  [hg.dll+0x4129f0]

[error occurred during error reporting (printing native stack), id 0xc0000005]

Java frames: (J=compiled Java code, j=interpreted, Vv=VM code)
j  com.mathworks.jmi.NativeMatlab.SendMatlabMessage(Ljava/lang/Object;)Ljava/lang/Object;+0
j  com.mathworks.jmi.NativeMatlab.sendMatlabMessage(Ljava/lang/Object;)Ljava/lang/Object;+22
j  com.mathworks.jmi.MatlabLooper.sendMatlabMessage(Lcom/mathworks/services/message/MWMessage;)Ljava/lang/Object;+20
j  com.mathworks.jmi.Matlab.mtFevalConsoleOutput(Ljava/lang/String;[Ljava/lang/Object;I)Ljava/lang/Object;+58
j  com.mathworks.mde.desk.MLDesktop$9.run()V+14
j  com.mathworks.jmi.NativeMatlab.dispatchMTRequests(Z)V+50
v  ~StubRoutines::call_stub

---------------  P R O C E S S  ---------------

Java Threads: ( => current thread )
  0x000000000fc52c00 JavaThread "Image Fetcher 0" daemon [_thread_blocked, id=6120, stack(0x000000000e810000,0x000000000e890000)]
  0x000000000fc54800 JavaThread "Active Reference Queue Daemon" daemon [_thread_blocked, id=2960, stack(0x0000000007c90000,0x0000000007d10000)]
  0x000000000fc53400 JavaThread "Timer-10" daemon [_thread_blocked, id=4784, stack(0x0000000007b90000,0x0000000007c10000)]
  0x000000000fc53c00 JavaThread "FelixPackageAdmin" daemon [_thread_blocked, id=5972, stack(0x0000000007580000,0x0000000007600000)]
  0x000000000fc51800 JavaThread "FelixStartLevel" daemon [_thread_blocked, id=5332, stack(0x0000000007500000,0x0000000007580000)]
  0x000000000fc54400 JavaThread "FelixDispatchQueue" daemon [_thread_blocked, id=828, stack(0x0000000007480000,0x0000000007500000)]
  0x000000000fc52000 JavaThread "Timer-4" daemon [_thread_blocked, id=6468, stack(0x000000003c1a0000,0x000000003c220000)]
  0x000000000fc51000 JavaThread "Prefs Updater" daemon [_thread_blocked, id=4148, stack(0x000000003aff0000,0x000000003b070000)]
  0x000000000fc50400 JavaThread "Timer-1" [_thread_blocked, id=1152, stack(0x0000000038830000,0x00000000388b0000)]
  0x0000000037dc6000 JavaThread "TimerQueue" daemon [_thread_blocked, id=1816, stack(0x00000000387b0000,0x0000000038830000)]
  0x00000000385adc00 JavaThread "AWT-EventQueue-0" [_thread_blocked, id=5048, stack(0x0000000038730000,0x00000000387b0000)]
  0x000000000fcb2000 JavaThread "AWT-Shutdown" [_thread_blocked, id=4700, stack(0x0000000038620000,0x00000000386a0000)]
  0x000000003829f800 JavaThread "AWT-Windows" daemon [_thread_in_native, id=5856, stack(0x000000000fec0000,0x000000000ff40000)]
  0x000000003829e800 JavaThread "Java2D Disposer" daemon [_thread_blocked, id=896, stack(0x000000000f680000,0x000000000f700000)]
  0x000000000fcf7000 JavaThread "Timer-0" [_thread_blocked, id=2884, stack(0x000000000f5f0000,0x000000000f670000)]
  0x000000000fc27800 JavaThread "JMI Unnamed Thread" [_thread_in_native, id=2116, stack(0x000000000d810000,0x000000000e810000)]
  0x000000000fa1ec00 JavaThread "Low Memory Detector" daemon [_thread_blocked, id=4608, stack(0x000000000f570000,0x000000000f5f0000)]
  0x000000000fa1a800 JavaThread "CompilerThread1" daemon [_thread_blocked, id=6996, stack(0x0000000035db0000,0x0000000036db0000)]
  0x000000000fa18400 JavaThread "CompilerThread0" daemon [_thread_blocked, id=5804, stack(0x0000000034db0000,0x0000000035db0000)]
  0x000000000f9c2800 JavaThread "Attach Listener" daemon [_thread_blocked, id=6980, stack(0x000000000f4f0000,0x000000000f570000)]
  0x000000000f9ae000 JavaThread "Finalizer" daemon [_thread_blocked, id=7080, stack(0x000000000f470000,0x000000000f4f0000)]
  0x000000000f9a2400 JavaThread "Reference Handler" daemon [_thread_blocked, id=3316, stack(0x000000000f3f0000,0x000000000f470000)]
=>0x00000000017ef000 JavaThread "main" [_thread_in_native, id=6808, stack(0x0000000000030000,0x0000000001030000)]

Other Threads:
  0x00000000016ef000 VMThread [stack: 0x0000000033db0000,0x0000000034db0000] [id=6600]
  0x000000000fa3dc00 WatcherThread [stack: 0x0000000036db0000,0x0000000037db0000] [id=5980]

VM state:not at safepoint (normal execution)

VM Mutex/Monitor currently owned by a thread: None

Heap
 PSYoungGen      total 15552K, used 5050K [0x0000000028cb0000, 0x0000000029f80000, 0x000000002bdb0000)
  eden space 12352K, 37% used [0x0000000028cb0000,0x000000002913e9d0,0x00000000298c0000)
  from space 3200K, 12% used [0x0000000029c60000,0x0000000029cc0000,0x0000000029f80000)
  to   space 3456K, 0% used [0x00000000298c0000,0x00000000298c0000,0x0000000029c20000)
 PSOldGen        total 73984K, used 50478K [0x000000001f9b0000, 0x00000000241f0000, 0x0000000028cb0000)
  object space 73984K, 68% used [0x000000001f9b0000,0x0000000022afbb98,0x00000000241f0000)
 PSPermGen       total 93504K, used 55173K [0x00000000179b0000, 0x000000001d500000, 0x000000001f9b0000)
  object space 93504K, 59% used [0x00000000179b0000,0x000000001af91468,0x000000001d500000)

Dynamic libraries:
0x0000000140000000 - 0x000000014002a000 	C:\Program Files\MATLAB\R2010a\bin\win64\MATLAB.exe
0x0000000077bb0000 - 0x0000000077d59000 	C:\Windows\SYSTEM32\ntdll.dll
0x0000000077850000 - 0x000000007796f000 	C:\Windows\system32\kernel32.dll
0x000007fefdaa0000 - 0x000007fefdb0c000 	C:\Windows\system32\KERNELBASE.dll
0x000000007ce80000 - 0x000000007cf96000 	C:\Program Files\MATLAB\R2010a\bin\win64\libut.dll
0x000007feffa20000 - 0x000007feffa37000 	C:\Windows\system32\imagehlp.dll
0x000007fefed80000 - 0x000007fefee1f000 	C:\Windows\system32\msvcrt.dll
0x0000000077d80000 - 0x0000000077d87000 	C:\Windows\system32\PSAPI.DLL
0x000000007d660000 - 0x000000007d688000 	C:\Program Files\MATLAB\R2010a\bin\win64\LIBEXPAT.dll
0x00000000718d0000 - 0x0000000071999000 	C:\Windows\WinSxS\amd64_microsoft.vc80.crt_1fc8b3b9a1e18e3b_8.0.50727.4940_none_88df89932faf0bf6\MSVCR80.dll
0x000000007d380000 - 0x000000007d4ac000 	C:\Program Files\MATLAB\R2010a\bin\win64\icuuc40.dll
0x000007feffb80000 - 0x000007feffc5b000 	C:\Windows\system32\ADVAPI32.dll
0x000007feff6e0000 - 0x000007feff6ff000 	C:\Windows\SYSTEM32\sechost.dll
0x000007fefdec0000 - 0x000007fefdfed000 	C:\Windows\system32\RPCRT4.dll
0x000000007c8b0000 - 0x000000007c8b3000 	C:\Program Files\MATLAB\R2010a\bin\win64\icudt40.dll
0x000000007c8c0000 - 0x000000007c8d0000 	C:\Program Files\MATLAB\R2010a\bin\win64\icuio40.dll
0x000000007cb00000 - 0x000000007cc53000 	C:\Program Files\MATLAB\R2010a\bin\win64\icuin40.dll
0x000000006e9c0000 - 0x000000006eac9000 	C:\Windows\WinSxS\amd64_microsoft.vc80.crt_1fc8b3b9a1e18e3b_8.0.50727.4940_none_88df89932faf0bf6\MSVCP80.dll
0x0000000077ab0000 - 0x0000000077baa000 	C:\Windows\system32\USER32.dll
0x000007feff780000 - 0x000007feff7e7000 	C:\Windows\system32\GDI32.dll
0x000007feffa40000 - 0x000007feffa4e000 	C:\Windows\system32\LPK.dll
0x000007feff7f0000 - 0x000007feff8b9000 	C:\Windows\system32\USP10.dll
0x0000000078930000 - 0x0000000078a4e000 	C:\Program Files\MATLAB\R2010a\bin\win64\libmwfl.dll
0x00000000788c0000 - 0x00000000788fe000 	C:\Program Files\MATLAB\R2010a\bin\win64\tbb.dll
0x000000007e960000 - 0x000000007e96f000 	C:\Program Files\MATLAB\R2010a\bin\win64\boost_date_time-vc80-mt-1_36.dll
0x000000007ebf0000 - 0x000000007ec0d000 	C:\Program Files\MATLAB\R2010a\bin\win64\boost_filesystem-vc80-mt-1_36.dll
0x000000007dbd0000 - 0x000000007dbd9000 	C:\Program Files\MATLAB\R2010a\bin\win64\boost_system-vc80-mt-1_36.dll
0x000000007e940000 - 0x000000007e956000 	C:\Program Files\MATLAB\R2010a\bin\win64\boost_signals-vc80-mt-1_36.dll
0x000000007c890000 - 0x000000007c8a1000 	C:\Program Files\MATLAB\R2010a\bin\win64\boost_thread-vc80-mt-1_36.dll
0x000000007d010000 - 0x000000007d298000 	C:\Program Files\MATLAB\R2010a\bin\win64\libmwservices.dll
0x000000007cfa0000 - 0x000000007d00d000 	C:\Program Files\MATLAB\R2010a\bin\win64\libmx.dll
0x00000000792b0000 - 0x00000000792c7000 	C:\Program Files\MATLAB\R2010a\bin\win64\zlib1.dll
0x000000007d2a0000 - 0x000000007d37c000 	C:\Program Files\MATLAB\R2010a\bin\win64\libmwmathutil.dll
0x000000007a9b0000 - 0x000000007aa0e000 	C:\Program Files\MATLAB\R2010a\bin\win64\mpath.dll
0x000000007d690000 - 0x000000007d812000 	C:\Program Files\MATLAB\R2010a\bin\win64\mlutil.dll
0x000000007e860000 - 0x000000007e8ec000 	C:\Program Files\MATLAB\R2010a\bin\win64\xmlcore.dll
0x000000007a320000 - 0x000000007a5b5000 	C:\Program Files\MATLAB\R2010a\bin\win64\xerces-c_2_7.dll
0x000007feff730000 - 0x000007feff77d000 	C:\Windows\system32\WS2_32.dll
0x000007fefeea0000 - 0x000007fefeea8000 	C:\Windows\system32\NSI.dll
0x000007fefdff0000 - 0x000007fefed78000 	C:\Windows\system32\SHELL32.dll
0x000007feff0a0000 - 0x000007feff111000 	C:\Windows\system32\SHLWAPI.dll
0x000007fef9900000 - 0x000007fef99a0000 	C:\Windows\WinSxS\amd64_microsoft.windows.common-controls_6595b64144ccf1df_5.82.7601.17514_none_a4d6a923711520a9\COMCTL32.dll
0x000007feff120000 - 0x000007feff1b7000 	C:\Windows\system32\comdlg32.dll
0x000007fefb9c0000 - 0x000007fefb9d6000 	C:\Windows\system32\NETAPI32.dll
0x000007fefb9b0000 - 0x000007fefb9bc000 	C:\Windows\system32\netutils.dll
0x000007fefd3c0000 - 0x000007fefd3e3000 	C:\Windows\system32\srvcli.dll
0x000007fefb990000 - 0x000007fefb9a5000 	C:\Windows\system32\wkscli.dll
0x000000007ad90000 - 0x000000007ae2e000 	C:\Program Files\MATLAB\R2010a\bin\win64\mcr.dll
0x0000000001300000 - 0x0000000001325000 	C:\Program Files\MATLAB\R2010a\bin\win64\libmwi18n.dll
0x000000007c8d0000 - 0x000000007c983000 	C:\Program Files\MATLAB\R2010a\bin\win64\iqm.dll
0x000000007b500000 - 0x000000007bdb0000 	C:\Program Files\MATLAB\R2010a\bin\win64\m_interpreter.dll
0x000000007c9b0000 - 0x000000007c9c6000 	C:\Program Files\MATLAB\R2010a\bin\win64\libmex.dll
0x000000007abf0000 - 0x000000007aca4000 	C:\Program Files\MATLAB\R2010a\bin\win64\m_dispatcher.dll
0x000000007ead0000 - 0x000000007ebc1000 	C:\Program Files\MATLAB\R2010a\bin\win64\boost_regex-vc80-mt-1_36.dll
0x000000007aa90000 - 0x000000007ab27000 	C:\Program Files\MATLAB\R2010a\bin\win64\profiler.dll
0x000000007ca40000 - 0x000000007ca71000 	C:\Program Files\MATLAB\R2010a\bin\win64\libmwmathrng.dll
0x0000000079200000 - 0x000000007921a000 	C:\Program Files\MATLAB\R2010a\bin\win64\m_pcodeio.dll
0x000000007a960000 - 0x000000007a9ad000 	C:\Program Files\MATLAB\R2010a\bin\win64\m_ir.dll
0x000000007aef0000 - 0x000000007b4f1000 	C:\Program Files\MATLAB\R2010a\bin\win64\m_parser.dll
0x000000007c990000 - 0x000000007c9a4000 	C:\Program Files\MATLAB\R2010a\bin\win64\ir_xfmr.dll
0x0000000078a50000 - 0x0000000078d2f000 	C:\Program Files\MATLAB\R2010a\bin\win64\mcos.dll
0x000000007ca90000 - 0x000000007ca9c000 	C:\Program Files\MATLAB\R2010a\bin\win64\mtok.dll
0x00000000791d0000 - 0x00000000791f6000 	C:\Program Files\MATLAB\R2010a\bin\win64\m_pcodegen.dll
0x0000000001420000 - 0x0000000001472000 	C:\Program Files\MATLAB\R2010a\bin\win64\libmwspmatrix.dll
0x000007fefb0e0000 - 0x000007fefb205000 	C:\Windows\system32\dbghelp.dll
0x0000000001490000 - 0x00000000014bc000 	C:\Program Files\MATLAB\R2010a\bin\win64\libmwbridge.dll
0x000000007c4f0000 - 0x000000007c5b7000 	C:\Program Files\MATLAB\R2010a\bin\win64\udd.dll
0x000000007d4b0000 - 0x000000007d604000 	C:\Program Files\MATLAB\R2010a\bin\win64\libmwgui.dll
0x0000000079320000 - 0x0000000079acf000 	C:\Program Files\MATLAB\R2010a\bin\win64\hg.dll
0x0000000079100000 - 0x0000000079150000 	C:\Program Files\MATLAB\R2010a\bin\win64\libmat.dll
0x000000007cc60000 - 0x000000007ce7b000 	C:\Program Files\MATLAB\R2010a\bin\win64\libhdf5.dll
0x000000007a860000 - 0x000000007a8e3000 	C:\Program Files\MATLAB\R2010a\bin\win64\jmi.dll
0x000000007a790000 - 0x000000007a7d6000 	C:\Program Files\MATLAB\R2010a\bin\win64\libmwhardcopy.dll
0x000000007a8f0000 - 0x000000007a959000 	C:\Program Files\MATLAB\R2010a\bin\win64\libuij.dll
0x0000000078730000 - 0x00000000788b3000 	C:\Program Files\MATLAB\R2010a\bin\win64\hgdatatypes.dll
0x0000000078670000 - 0x0000000078721000 	C:\Program Files\MATLAB\R2010a\bin\win64\hgutils.dll
0x0000000079150000 - 0x00000000791cc000 	C:\Program Files\MATLAB\R2010a\bin\win64\libmwlapack.dll
0x000000007c9e0000 - 0x000000007c9f3000 	C:\Program Files\MATLAB\R2010a\bin\win64\libmwbinder.dll
0x000000007c5c0000 - 0x000000007c881000 	C:\Program Files\MATLAB\R2010a\bin\win64\uiw.dll
0x000000007caf0000 - 0x000000007cafa000 	C:\Program Files\MATLAB\R2010a\bin\win64\uinone.dll
0x000000006d8b0000 - 0x000000006da4c000 	C:\Windows\WinSxS\amd64_microsoft.vc80.mfc_1fc8b3b9a1e18e3b_8.0.50727.4053_none_8444db7d32915e4c\MFC80.DLL
0x000007fef7e40000 - 0x000007fef7eb1000 	C:\Windows\system32\WINSPOOL.DRV
0x000007feff4d0000 - 0x000007feff6d3000 	C:\Windows\system32\ole32.dll
0x000007fefeeb0000 - 0x000007fefef87000 	C:\Windows\system32\OLEAUT32.dll
0x000000007ae30000 - 0x000000007aee6000 	C:\Program Files\MATLAB\R2010a\bin\win64\udd_mi.dll
0x0000000079220000 - 0x000000007923f000 	C:\Program Files\MATLAB\R2010a\bin\win64\mwoles05.DLL
0x000000007aa10000 - 0x000000007aa82000 	C:\Program Files\MATLAB\R2010a\bin\win64\comcli.dll
0x00000000729d0000 - 0x00000000729f0000 	C:\Windows\WinSxS\amd64_microsoft.vc80.atl_1fc8b3b9a1e18e3b_8.0.50727.4053_none_8a1a02152edb659b\ATL80.DLL
0x000000007ca80000 - 0x000000007ca8e000 	C:\Program Files\MATLAB\R2010a\bin\win64\mlautoregister.dll
0x000007feff700000 - 0x000007feff72e000 	C:\Windows\system32\IMM32.DLL
0x000007fefef90000 - 0x000007feff099000 	C:\Windows\system32\MSCTF.dll
0x000007fefd890000 - 0x000007fefd8cc000 	C:\Windows\system32\nvinitx.dll
0x000000000f000000 - 0x000000000f006000 	C:\Program Files\NVIDIA Corporation\CoProcManager\_etoured.dll
0x000007fef8cf0000 - 0x000007fef8d34000 	C:\Program Files\NVIDIA Corporation\CoProcManager\nvd3d9wrapx.dll
0x000007feff250000 - 0x000007feff427000 	C:\Windows\system32\SETUPAPI.dll
0x000007fefd980000 - 0x000007fefd9b6000 	C:\Windows\system32\CFGMGR32.dll
0x000007fefdce0000 - 0x000007fefdcfa000 	C:\Windows\system32\DEVOBJ.dll
0x000007fef74b0000 - 0x000007fef74f2000 	C:\Program Files\NVIDIA Corporation\CoProcManager\nvdxgiwrapx.dll
0x00000000737d0000 - 0x00000000737d9000 	C:\Windows\WinSxS\amd64_microsoft.vc80.mfcloc_1fc8b3b9a1e18e3b_8.0.50727.4053_none_bc1d1e5b0be08790\MFC80CHS.DLL
0x000007fefd8d0000 - 0x000007fefd8df000 	C:\Windows\system32\profapi.dll
0x000007fefd780000 - 0x000007fefd78f000 	C:\Windows\system32\CRYPTBASE.dll
0x000007fefc030000 - 0x000007fefc086000 	C:\Windows\system32\uxtheme.dll
0x000007fefc100000 - 0x000007fefc2f4000 	C:\Windows\WinSxS\amd64_microsoft.windows.common-controls_6595b64144ccf1df_6.0.7601.17514_none_fa396087175ac9ac\comctl32.dll
0x000007feff430000 - 0x000007feff4c9000 	C:\Windows\system32\CLBCatQ.DLL
0x000007fefc310000 - 0x000007fefc43c000 	C:\Windows\system32\propsys.dll
0x000007fefb7f0000 - 0x000007fefb81d000 	C:\Windows\system32\ntmarta.dll
0x000007feff8c0000 - 0x000007feff912000 	C:\Windows\system32\WLDAP32.dll
0x000007fefd720000 - 0x000007fefd777000 	C:\Windows\system32\apphelp.dll
0x0000000180000000 - 0x000000018049a000 	C:\Windows\system32\SOGOUPY.IME
0x000007fefb2f0000 - 0x000007fefb2f7000 	C:\Windows\system32\MSIMG32.dll
0x000007fefc9d0000 - 0x000007fefc9dc000 	C:\Windows\system32\VERSION.dll
0x0000000010000000 - 0x0000000010073000 	C:\Program Files (x86)\SogouInput\6.1.0.6953\Resource.dll
0x000007fefa910000 - 0x000007fefa937000 	C:\Windows\system32\iphlpapi.dll
0x000007fefa8f0000 - 0x000007fefa8fb000 	C:\Windows\system32\WINNSI.DLL
0x000007fefcf30000 - 0x000007fefcf8b000 	C:\Windows\system32\DNSAPI.dll
0x000007fefa820000 - 0x000007fefa831000 	C:\Windows\system32\dhcpcsvc6.DLL
0x000007fefa7d0000 - 0x000007fefa7e8000 	C:\Windows\system32\dhcpcsvc.DLL
0x00000000729c0000 - 0x00000000729c3000 	C:\Windows\system32\icmp.Dll
0x000007fefdcc0000 - 0x000007fefdcd8000 	C:\Windows\system32\dwmapi.dll
0x000000000ea30000 - 0x000000000efe8000 	C:\Program Files\MATLAB\R2010a\sys\java\jre\win64\jre\bin\server\jvm.dll
0x000007fefdd00000 - 0x000007fefdd3b000 	C:\Windows\system32\WINMM.dll
0x000000007aba0000 - 0x000000007abaa000 	C:\Program Files\MATLAB\R2010a\sys\java\jre\win64\jre\bin\hpi.dll
0x000000007abc0000 - 0x000000007abce000 	C:\Program Files\MATLAB\R2010a\sys\java\jre\win64\jre\bin\verify.dll
0x00000000792d0000 - 0x00000000792f7000 	C:\Program Files\MATLAB\R2010a\sys\java\jre\win64\jre\bin\java.dll
0x000000007abd0000 - 0x000000007abe2000 	C:\Program Files\MATLAB\R2010a\sys\java\jre\win64\jre\bin\zip.dll
0x0000000079240000 - 0x000000007926b000 	C:\Program Files\MATLAB\R2010a\bin\win64\nativejava.dll
0x000007fefac50000 - 0x000007fefac68000 	C:\Windows\system32\MPR.dll
0x0000000079270000 - 0x00000000792a7000 	C:\Program Files\MATLAB\R2010a\bin\win64\nativejmi.dll

VM Arguments:
jvm_args: -Xss512k -XX:PermSize=32m -Xms64m -XX:NewRatio=3 -XX:MaxPermSize=128m -Xmx196m -XX:MaxDirectMemorySize=2147400000 -Dsun.java2d.noddraw=true -Dsun.awt.nopixfmt=true -Xshare:off -Xrs -Djava.library.path=C:\Program Files\MATLAB\R2010a\bin\win64 vfprintf abort 
java_command: <unknown>
Launcher Type: generic

Environment Variables:
PATH=C:\Windows\system32;C:\Windows;C:\Windows\System32\Wbem;C:\Windows\System32\WindowsPowerShell\v1.0\;C:\Program Files\MATLAB\R2010a\runtime\win64;C:\Program Files\MATLAB\R2010a\bin;C:\Program Files (x86)\Altium Designer Winter 09\System
USERNAME=SongJian
OS=Windows_NT
PROCESSOR_IDENTIFIER=Intel64 Family 6 Model 42 Stepping 7, GenuineIntel



---------------  S Y S T E M  ---------------

OS: Windows NT 6.1 Build 7601 Service Pack 1

CPU:total 8 (8 cores per cpu, 2 threads per core) family 6 model 10 stepping 7, cmov, cx8, fxsr, mmx, sse, sse2, sse3, ssse3, ht

Memory: 4k page, physical 4140912k(2137748k free), swap 8279976k(5557696k free)

vm_info: Java HotSpot(TM) 64-Bit Server VM (11.2-b01) for windows-amd64 JRE (1.6.0_12-b04), built on Jan 17 2009 01:49:05 by "java_re" with MS VC++ 8.0

time: Sat Mar 17 14:43:35 2012
elapsed time: 7211 seconds

